<?xml version="1.0" encoding="UTF-8"?>
<!-- Generated by org.testng.reporters.JUnitXMLReporter -->
<testsuite hostname="DESKTOP-7QE1RVK" ignored="1" name="ChromeTests(failed)" tests="2" failures="0" timestamp="25 Jun 2018 16:07:02 GMT" time="67.157" errors="0">
  <testcase name="m1" time="2.897" classname="com.FDX.Tests.Table1"/>
  <testcase name="m1" time="0.002" classname="com.FDX.Tests.Test1"/>
  <testcase name="@BeforeSuite Setpath" time="0.0" classname="com.FDX.Generics.TestBaseFDX">
    <ignored/>
  </testcase> <!-- @BeforeSuite Setpath -->
</testsuite> <!-- ChromeTests(failed) -->
