<?xml version="1.0" encoding="UTF-8"?>
<!-- Generated by org.testng.reporters.JUnitXMLReporter -->
<testsuite hostname="LAPTOP-4RU19F2E" ignored="1" name="FirefoxTests" tests="2" failures="0" timestamp="04 May 2019 04:07:38 GMT" time="0.004" errors="0">
  <testcase name="@BeforeMethod openApplication" time="0.0" classname="com.FDX.Generics.TestBaseFDX">
    <failure type="org.testng.TestNGException" message="
Can inject only one of &amp;lt;ITestContext, XmlTest, Method, Object[], ITestResult&amp;gt; into a @BeforeMethod annotated openApplication.
For more information on native dependency injection please refer to http://testng.org/doc/documentation-main.html#native-dependency-injection">
      <![CDATA[org.testng.TestNGException: 
Can inject only one of <ITestContext, XmlTest, Method, Object[], ITestResult> into a @BeforeMethod annotated openApplication.
For more information on native dependency injection please refer to http://testng.org/doc/documentation-main.html#native-dependency-injection
... Removed 29 stack frames]]>
    </failure>
  </testcase> <!-- @BeforeMethod openApplication -->
  <testcase name="@AfterMethod close" time="0.0" classname="com.FDX.Generics.TestBaseFDX">
    <failure type="java.lang.NullPointerException">
      <![CDATA[java.lang.NullPointerException
at com.FDX.Generics.TestBaseFDX.close(TestBaseFDX.java:55)
... Removed 32 stack frames]]>
    </failure>
  </testcase> <!-- @AfterMethod close -->
  <testcase name="@BeforeMethod openApplication" time="0.0" classname="com.FDX.Generics.TestBaseFDX">
    <failure type="org.testng.TestNGException" message="
Can inject only one of &amp;lt;ITestContext, XmlTest, Method, Object[], ITestResult&amp;gt; into a @BeforeMethod annotated openApplication.
For more information on native dependency injection please refer to http://testng.org/doc/documentation-main.html#native-dependency-injection">
      <![CDATA[org.testng.TestNGException: 
Can inject only one of <ITestContext, XmlTest, Method, Object[], ITestResult> into a @BeforeMethod annotated openApplication.
For more information on native dependency injection please refer to http://testng.org/doc/documentation-main.html#native-dependency-injection
... Removed 29 stack frames]]>
    </failure>
  </testcase> <!-- @BeforeMethod openApplication -->
  <testcase name="@AfterMethod close" time="0.0" classname="com.FDX.Generics.TestBaseFDX">
    <failure type="java.lang.NullPointerException">
      <![CDATA[java.lang.NullPointerException
at com.FDX.Generics.TestBaseFDX.close(TestBaseFDX.java:55)
... Removed 32 stack frames]]>
    </failure>
  </testcase> <!-- @AfterMethod close -->
  <testcase name="m1" time="0.0" classname="com.FDX.Tests.Table1">
    <skipped/>
  </testcase> <!-- m1 -->
  <testcase name="m1" time="0.0" classname="com.FDX.Tests.Test1">
    <skipped/>
  </testcase> <!-- m1 -->
  <testcase name="@BeforeSuite Setpath" time="0.0" classname="com.FDX.Generics.TestBaseFDX">
    <ignored/>
  </testcase> <!-- @BeforeSuite Setpath -->
</testsuite> <!-- FirefoxTests -->
