<?xml version="1.0" encoding="UTF-8"?>
<!-- Generated by org.testng.reporters.JUnitXMLReporter -->
<testsuite hostname="DESKTOP-7QE1RVK" ignored="1" name="ChromeTests" tests="2" failures="0" timestamp="24 Jun 2018 16:40:04 GMT" time="225.581" errors="0">
  <testcase name="m1" time="13.057" classname="com.FDX.Tests.Table1"/>
  <testcase name="m1" time="0.004" classname="com.FDX.Tests.Test1"/>
  <testcase name="@BeforeSuite Setpath" time="0.0" classname="com.FDX.Generics.TestBaseFDX">
    <ignored/>
  </testcase> <!-- @BeforeSuite Setpath -->
</testsuite> <!-- ChromeTests -->
