<?xml version="1.0" encoding="UTF-8"?>
<!-- Generated by org.testng.reporters.JUnitXMLReporter -->
<testsuite hostname="DESKTOP-7QE1RVK" ignored="1" name="Firefox" tests="2" failures="1" timestamp="24 Jun 2018 16:10:59 GMT" time="0.599" errors="0">
  <testcase name="@AfterMethod close" time="0.003" classname="com.FDX.Generics.TestBaseFDX">
    <failure type="java.lang.NullPointerException">
      <![CDATA[java.lang.NullPointerException
	at com.FDX.Generics.TestBaseFDX.close(TestBaseFDX.java:58)
... Removed 27 stack frames]]>
    </failure>
  </testcase> <!-- @AfterMethod close -->
  <testcase name="@AfterMethod close" time="0.0" classname="com.FDX.Generics.TestBaseFDX">
    <failure type="java.lang.NullPointerException">
      <![CDATA[java.lang.NullPointerException
	at com.FDX.Generics.TestBaseFDX.close(TestBaseFDX.java:58)
... Removed 27 stack frames]]>
    </failure>
  </testcase> <!-- @AfterMethod close -->
  <testcase name="m1" time="0.008" classname="com.FDX.Tests.Table1">
    <failure type="java.lang.NullPointerException">
      <![CDATA[java.lang.NullPointerException
	at com.FDX.Tests.Table1.m1(Table1.java:15)
... Removed 25 stack frames]]>
    </failure>
  </testcase> <!-- m1 -->
  <testcase name="m1" time="0.0" classname="com.FDX.Tests.Test1">
    <skipped/>
  </testcase> <!-- m1 -->
  <testcase name="@BeforeSuite Setpath" time="0.0" classname="com.FDX.Generics.TestBaseFDX">
    <ignored/>
  </testcase> <!-- @BeforeSuite Setpath -->
</testsuite> <!-- Firefox -->
