<?xml version="1.0" encoding="UTF-8"?>
<!-- Generated by org.testng.reporters.JUnitXMLReporter -->
<testsuite hostname="DESKTOP-7QE1RVK" ignored="1" name="Firefox1" tests="2" failures="0" timestamp="24 Jun 2018 16:24:09 GMT" time="0.683" errors="0">
  <testcase name="@BeforeMethod openApplication" time="0.212" classname="com.FDX.Generics.TestBaseFDX">
    <failure type="java.lang.IllegalStateException" message="The driver executable does not exist: E:\JAVA_Selenium\FDX\.\FDX\drivers\geckodriver.exe">
      <![CDATA[java.lang.IllegalStateException: The driver executable does not exist: E:\JAVA_Selenium\FDX\.\FDX\drivers\geckodriver.exe
	at com.google.common.base.Preconditions.checkState(Preconditions.java:585)
	at org.openqa.selenium.remote.service.DriverService.checkExecutable(DriverService.java:136)
	at org.openqa.selenium.remote.service.DriverService.findExecutable(DriverService.java:131)
	at org.openqa.selenium.firefox.GeckoDriverService.access$100(GeckoDriverService.java:42)
	at org.openqa.selenium.firefox.GeckoDriverService$Builder.findDefaultExecutable(GeckoDriverService.java:143)
	at org.openqa.selenium.remote.service.DriverService$Builder.build(DriverService.java:335)
	at org.openqa.selenium.firefox.FirefoxDriver.toExecutor(FirefoxDriver.java:168)
	at org.openqa.selenium.firefox.FirefoxDriver.<init>(FirefoxDriver.java:125)
	at org.openqa.selenium.firefox.FirefoxDriver.<init>(FirefoxDriver.java:103)
	at com.FDX.Generics.TestBaseFDX.openApplication(TestBaseFDX.java:48)
... Removed 27 stack frames]]>
    </failure>
  </testcase> <!-- @BeforeMethod openApplication -->
  <testcase name="@AfterMethod close" time="0.0" classname="com.FDX.Generics.TestBaseFDX">
    <failure type="java.lang.NullPointerException">
      <![CDATA[java.lang.NullPointerException
	at com.FDX.Generics.TestBaseFDX.close(TestBaseFDX.java:57)
... Removed 27 stack frames]]>
    </failure>
  </testcase> <!-- @AfterMethod close -->
  <testcase name="@BeforeMethod openApplication" time="0.035" classname="com.FDX.Generics.TestBaseFDX">
    <failure type="java.lang.IllegalStateException" message="The driver executable does not exist: E:\JAVA_Selenium\FDX\.\FDX\drivers\geckodriver.exe">
      <![CDATA[java.lang.IllegalStateException: The driver executable does not exist: E:\JAVA_Selenium\FDX\.\FDX\drivers\geckodriver.exe
	at com.google.common.base.Preconditions.checkState(Preconditions.java:585)
	at org.openqa.selenium.remote.service.DriverService.checkExecutable(DriverService.java:136)
	at org.openqa.selenium.remote.service.DriverService.findExecutable(DriverService.java:131)
	at org.openqa.selenium.firefox.GeckoDriverService.access$100(GeckoDriverService.java:42)
	at org.openqa.selenium.firefox.GeckoDriverService$Builder.findDefaultExecutable(GeckoDriverService.java:143)
	at org.openqa.selenium.remote.service.DriverService$Builder.build(DriverService.java:335)
	at org.openqa.selenium.firefox.FirefoxDriver.toExecutor(FirefoxDriver.java:168)
	at org.openqa.selenium.firefox.FirefoxDriver.<init>(FirefoxDriver.java:125)
	at org.openqa.selenium.firefox.FirefoxDriver.<init>(FirefoxDriver.java:103)
	at com.FDX.Generics.TestBaseFDX.openApplication(TestBaseFDX.java:48)
... Removed 27 stack frames]]>
    </failure>
  </testcase> <!-- @BeforeMethod openApplication -->
  <testcase name="@AfterMethod close" time="0.001" classname="com.FDX.Generics.TestBaseFDX">
    <failure type="java.lang.NullPointerException">
      <![CDATA[java.lang.NullPointerException
	at com.FDX.Generics.TestBaseFDX.close(TestBaseFDX.java:57)
... Removed 27 stack frames]]>
    </failure>
  </testcase> <!-- @AfterMethod close -->
  <testcase name="m1" time="0.091" classname="com.FDX.Tests.Table1">
    <skipped/>
  </testcase> <!-- m1 -->
  <testcase name="m1" time="0.0" classname="com.FDX.Tests.Test1">
    <skipped/>
  </testcase> <!-- m1 -->
  <testcase name="@BeforeSuite Setpath" time="0.0" classname="com.FDX.Generics.TestBaseFDX">
    <ignored/>
  </testcase> <!-- @BeforeSuite Setpath -->
</testsuite> <!-- Firefox1 -->
